<?xml version="1.0" encoding="UTF-8"?>
<!-- Generated by org.testng.reporters.JUnitXMLReporter -->
<testsuite ignored="0" hostname="DESKTOP-M8CJ0LM" failures="0" tests="6" name="Run on Chrome" time="5.394" errors="0" timestamp="28 Jul 2023 18:38:45 GMT">
  <testcase classname="com.nopcommerce.user.User_02_Login" name="@BeforeClass beforeClass" time="5.165">
    <failure type="java.lang.NullPointerException">
      <![CDATA[java.lang.NullPointerException
at com.nopcommerce.user.User_02_Login.beforeClass(User_02_Login.java:52)
... Removed 26 stack frames]]>
    </failure>
  </testcase> <!-- @BeforeClass beforeClass -->
  <testcase classname="com.nopcommerce.user.User_02_Login" name="Login_01_Empty_Data" time="0.0">
    <skipped/>
  </testcase> <!-- Login_01_Empty_Data -->
  <testcase classname="com.nopcommerce.user.User_02_Login" name="Login_02_Invalid_Email" time="0.0">
    <skipped/>
  </testcase> <!-- Login_02_Invalid_Email -->
  <testcase classname="com.nopcommerce.user.User_02_Login" name="Login_03_Email_Not_Found" time="0.0">
    <skipped/>
  </testcase> <!-- Login_03_Email_Not_Found -->
  <testcase classname="com.nopcommerce.user.User_02_Login" name="Login_04_Existing_Email_Empty_Password" time="0.0">
    <skipped/>
  </testcase> <!-- Login_04_Existing_Email_Empty_Password -->
  <testcase classname="com.nopcommerce.user.User_02_Login" name="Login_05_Existing_Email_Incorrect_Password" time="0.0">
    <skipped/>
  </testcase> <!-- Login_05_Existing_Email_Incorrect_Password -->
  <testcase classname="com.nopcommerce.user.User_02_Login" name="Login_06_Valid_Email_Password" time="0.0">
    <skipped/>
  </testcase> <!-- Login_06_Valid_Email_Password -->
</testsuite> <!-- Run on Chrome -->
