<?xml version="1.0" encoding="UTF-8"?>
<testng-results ignored="0" total="1" passed="1" failed="0" skipped="0">
  <reporter-output>
    <line>
      <![CDATA[[INFO ] [2023-09-08 19:01:47,426] Pre-condition - Step 01: Open browser
<br>]]>
    </line>
    <line>
      <![CDATA[[INFO ] [2023-09-08 19:01:56,948] Admin_01_Search_With_Product_Name: Click to Customers
<br>]]>
    </line>
    <line>
      <![CDATA[[INFO ] [2023-09-08 19:01:58,339] Admin_01_Search_With_Product_Name: Click to circle Customers
<br>]]>
    </line>
    <line>
      <![CDATA[[INFO ] [2023-09-08 19:02:00,222] Admin_01_Search_With_Product_Name: Click to add new
<br>]]>
    </line>
    <line>
      <![CDATA[[INFO ] [2023-09-08 19:02:02,557] Admin_01_Search_With_Product_Name: Input to email with: automationfc@gmail.com
<br>]]>
    </line>
  </reporter-output>
  <suite started-at="2023-09-08T12:01:47Z" name="Suite" finished-at="2023-09-08T12:02:03Z" duration-ms="15616">
    <groups>
    </groups>
    <test started-at="2023-09-08T12:01:47Z" name="Run on Firefox" finished-at="2023-09-08T12:02:03Z" duration-ms="15616">
      <class name="com.nopcommerce.user.Admin_01_Search_Products">
        <test-method is-config="true" signature="beforeClass(java.lang.String)[pri:0, instance:com.nopcommerce.user.Admin_01_Search_Products@5a9f4771]" started-at="2023-09-08T12:01:47Z" name="beforeClass" finished-at="2023-09-08T12:01:56Z" duration-ms="9469" status="PASS">
          <params>
            <param index="0">
              <value>
                <![CDATA[firefox]]>
              </value>
            </param>
          </params>
          <reporter-output>
            <line>
              <![CDATA[[INFO ] [2023-09-08 19:01:47,426] Pre-condition - Step 01: Open browser
<br>]]>
            </line>
          </reporter-output>
        </test-method> <!-- beforeClass -->
        <test-method signature="Admin_07_Create_New_Customer()[pri:0, instance:com.nopcommerce.user.Admin_01_Search_Products@5a9f4771]" started-at="2023-09-08T12:01:56Z" name="Admin_07_Create_New_Customer" finished-at="2023-09-08T12:02:02Z" duration-ms="6021" status="PASS">
          <reporter-output>
            <line>
              <![CDATA[[INFO ] [2023-09-08 19:01:56,948] Admin_01_Search_With_Product_Name: Click to Customers
<br>]]>
            </line>
            <line>
              <![CDATA[[INFO ] [2023-09-08 19:01:58,339] Admin_01_Search_With_Product_Name: Click to circle Customers
<br>]]>
            </line>
            <line>
              <![CDATA[[INFO ] [2023-09-08 19:02:00,222] Admin_01_Search_With_Product_Name: Click to add new
<br>]]>
            </line>
            <line>
              <![CDATA[[INFO ] [2023-09-08 19:02:02,557] Admin_01_Search_With_Product_Name: Input to email with: automationfc@gmail.com
<br>]]>
            </line>
          </reporter-output>
        </test-method> <!-- Admin_07_Create_New_Customer -->
      </class> <!-- com.nopcommerce.user.Admin_01_Search_Products -->
    </test> <!-- Run on Firefox -->
  </suite> <!-- Suite -->
</testng-results>
